<?xml version="1.0" encoding="utf-8"?><testsuites name="pytest tests"><testsuite name="pytest" errors="0" failures="0" skipped="0" tests="19" time="8.853" timestamp="2026-03-24T06:01:34.356955+00:00" hostname="agent-env-34073451-29bb-4bec-ab81-d106f55a76e0"><testcase classname="backend.tests.test_ultra_autonomous_services.TestAutonomousEngineStatus" name="test_autonomous_status_requires_auth" time="3.236" /><testcase classname="backend.tests.test_ultra_autonomous_services.TestAutonomousEngineStatus" name="test_autonomous_status_with_auth" time="0.469" /><testcase classname="backend.tests.test_ultra_autonomous_services.TestAutonomousDiscovery" name="test_discover_integrations" time="0.701" /><testcase classname="backend.tests.test_ultra_autonomous_services.TestAutonomousQueue" name="test_get_integration_queue" time="0.450" /><testcase classname="backend.tests.test_ultra_autonomous_services.TestAutonomousIntegrations" name="test_get_current_integrations" time="0.445" /><testcase classname="backend.tests.test_ultra_autonomous_services.TestUltraImageStatus" name="test_image_status_requires_auth" time="0.108" /><testcase classname="backend.tests.test_ultra_autonomous_services.TestUltraImageStatus" name="test_image_status_with_auth" time="0.416" /><testcase classname="backend.tests.test_ultra_autonomous_services.TestUltraVoiceStatus" name="test_voice_status_requires_auth" time="0.102" /><testcase classname="backend.tests.test_ultra_autonomous_services.TestUltraVoiceStatus" name="test_voice_status_with_auth" time="0.419" /><testcase classname="backend.tests.test_ultra_autonomous_services.TestUltraLLMStatus" name="test_llm_status_requires_auth" time="0.100" /><testcase classname="backend.tests.test_ultra_autonomous_services.TestUltraLLMStatus" name="test_llm_status_with_auth" time="0.423" /><testcase classname="backend.tests.test_ultra_autonomous_services.TestUltraVideoStatus" name="test_video_status_requires_auth" time="0.096" /><testcase classname="backend.tests.test_ultra_autonomous_services.TestUltraVideoStatus" name="test_video_status_with_auth" time="0.416" /><testcase classname="backend.tests.test_ultra_autonomous_services.TestUltraCombinedStatus" name="test_combined_status_requires_auth" time="0.122" /><testcase classname="backend.tests.test_ultra_autonomous_services.TestUltraCombinedStatus" name="test_combined_status_with_auth" time="0.422" /><testcase classname="backend.tests.test_ultra_autonomous_services.TestUltraVideoRooms" name="test_get_active_rooms" time="0.426" /><testcase classname="backend.tests.test_ultra_autonomous_services.TestUltraVideoRooms" name="test_create_video_room" time="0.198" /><testcase classname="backend.tests.test_ultra_autonomous_services.TestBackendHealth" name="test_health_endpoint" time="0.103" /><testcase classname="backend.tests.test_ultra_autonomous_services.TestBackendHealth" name="test_stats_endpoint" time="0.107" /></testsuite></testsuites>