<?xml version="1.0" encoding="utf-8"?><testsuites name="pytest tests"><testsuite name="pytest" errors="0" failures="0" skipped="0" tests="22" time="26.677" timestamp="2026-03-22T16:59:10.702250+00:00" hostname="agent-env-34073451-29bb-4bec-ab81-d106f55a76e0"><testcase classname="backend.tests.test_nexus_v4_3.TestAuth" name="test_admin_login" time="0.483" /><testcase classname="backend.tests.test_nexus_v4_3.TestOpenClawEndpoints" name="test_openclaw_status_endpoint" time="0.460" /><testcase classname="backend.tests.test_nexus_v4_3.TestOpenClawEndpoints" name="test_openclaw_analysis_endpoint" time="0.122" /><testcase classname="backend.tests.test_nexus_v4_3.TestOpenClawEndpoints" name="test_openclaw_requires_admin" time="0.218" /><testcase classname="backend.tests.test_nexus_v4_3.TestIntegrationStatus" name="test_integration_status_returns_11_integrations" time="0.450" /><testcase classname="backend.tests.test_nexus_v4_3.TestIntegrationStatus" name="test_elevenlabs_integration_present" time="0.107" /><testcase classname="backend.tests.test_nexus_v4_3.TestIntegrationStatus" name="test_fal_ai_integration_present" time="0.100" /><testcase classname="backend.tests.test_nexus_v4_3.TestIntegrationStatus" name="test_openclaw_integration_present" time="0.104" /><testcase classname="backend.tests.test_nexus_v4_3.TestIntegrationStatus" name="test_integration_health_endpoint" time="0.103" /><testcase classname="backend.tests.test_nexus_v4_3.TestAIxploriaDeepScan" name="test_aixploria_scan_endpoint_exists" time="0.439" /><testcase classname="backend.tests.test_nexus_v4_3.TestAIxploriaDeepScan" name="test_aixploria_comprehensive_scan_parameter" time="0.110" /><testcase classname="backend.tests.test_nexus_v4_3.TestAIxploriaDeepScan" name="test_aixploria_tools_endpoint" time="0.160" /><testcase classname="backend.tests.test_nexus_v4_3.TestAIxploriaDeepScan" name="test_aixploria_stats_endpoint" time="0.142" /><testcase classname="backend.tests.test_nexus_v4_3.TestElevenLabsDemoMode" name="test_voice_generation_endpoint" time="2.622" /><testcase classname="backend.tests.test_nexus_v4_3.TestFalAIDemoMode" name="test_image_generation_endpoint" time="19.441" /><testcase classname="backend.tests.test_nexus_v4_3.TestExistingFeaturesNoRegression" name="test_products_endpoint" time="0.148" /><testcase classname="backend.tests.test_nexus_v4_3.TestExistingFeaturesNoRegression" name="test_posts_endpoint" time="0.123" /><testcase classname="backend.tests.test_nexus_v4_3.TestExistingFeaturesNoRegression" name="test_agents_endpoint" time="0.113" /><testcase classname="backend.tests.test_nexus_v4_3.TestExistingFeaturesNoRegression" name="test_stats_endpoint" time="0.131" /><testcase classname="backend.tests.test_nexus_v4_3.TestExistingFeaturesNoRegression" name="test_admin_dashboard" time="0.459" /><testcase classname="backend.tests.test_nexus_v4_3.TestExistingFeaturesNoRegression" name="test_cicd_status" time="0.117" /><testcase classname="backend.tests.test_nexus_v4_3.TestSoftrIntegration" name="test_softr_in_integration_status" time="0.426" /></testsuite></testsuites>