<?xml version="1.0" encoding="utf-8"?><testsuites name="pytest tests"><testsuite name="pytest" errors="0" failures="0" skipped="0" tests="29" time="9.809" timestamp="2026-03-22T06:32:43.322153+00:00" hostname="agent-env-34073451-29bb-4bec-ab81-d106f55a76e0"><testcase classname="backend.tests.test_nexus_v4.TestHealthAndStats" name="test_stats_endpoint" time="0.168" /><testcase classname="backend.tests.test_nexus_v4.TestHealthAndStats" name="test_products_endpoint" time="0.104" /><testcase classname="backend.tests.test_nexus_v4.TestHealthAndStats" name="test_posts_endpoint" time="0.089" /><testcase classname="backend.tests.test_nexus_v4.TestHealthAndStats" name="test_spotlight_endpoint" time="0.102" /><testcase classname="backend.tests.test_nexus_v4.TestHealthAndStats" name="test_vendors_endpoint" time="0.098" /><testcase classname="backend.tests.test_nexus_v4.TestHealthAndStats" name="test_boost_packages_endpoint" time="0.126" /><testcase classname="backend.tests.test_nexus_v4.TestAgentsEndpoint" name="test_agents_returns_10_agents" time="0.118" /><testcase classname="backend.tests.test_nexus_v4.TestAgentsEndpoint" name="test_agents_have_correct_types" time="0.101" /><testcase classname="backend.tests.test_nexus_v4.TestAgentsEndpoint" name="test_agents_have_required_fields" time="0.148" /><testcase classname="backend.tests.test_nexus_v4.TestAgentsEndpoint" name="test_specific_agents_exist" time="0.133" /><testcase classname="backend.tests.test_nexus_v4.TestAuthAndRegistration" name="test_user_registration" time="0.324" /><testcase classname="backend.tests.test_nexus_v4.TestAuthAndRegistration" name="test_user_login" time="0.328" /><testcase classname="backend.tests.test_nexus_v4.TestAuthAndRegistration" name="test_get_current_user" time="0.106" /><testcase classname="backend.tests.test_nexus_v4.TestNotifications" name="test_get_notifications_requires_auth" time="0.101" /><testcase classname="backend.tests.test_nexus_v4.TestNotifications" name="test_get_notifications_authenticated" time="0.094" /><testcase classname="backend.tests.test_nexus_v4.TestVendorAnalytics" name="test_vendor_analytics_requires_auth" time="0.100" /><testcase classname="backend.tests.test_nexus_v4.TestVendorAnalytics" name="test_vendor_analytics_authenticated" time="0.131" /><testcase classname="backend.tests.test_nexus_v4.TestVendorAnalytics" name="test_vendor_products_endpoint" time="0.139" /><testcase classname="backend.tests.test_nexus_v4.TestManusAI" name="test_manus_task_requires_admin" time="0.160" /><testcase classname="backend.tests.test_nexus_v4.TestToolDiscovery" name="test_discovered_tools_requires_admin" time="0.102" /><testcase classname="backend.tests.test_nexus_v4.TestCICD" name="test_cicd_status_requires_admin" time="0.099" /><testcase classname="backend.tests.test_nexus_v4.TestFollowAndNotifications" name="test_follow_user_creates_notification" time="0.233" /><testcase classname="backend.tests.test_nexus_v4.TestAdminEndpoints" name="test_admin_dashboard_requires_admin" time="0.101" /><testcase classname="backend.tests.test_nexus_v4.TestAdminEndpoints" name="test_admin_users_requires_admin" time="0.112" /><testcase classname="backend.tests.test_nexus_v4.TestBackwardCompatibility" name="test_trending_endpoint" time="0.099" /><testcase classname="backend.tests.test_nexus_v4.TestBackwardCompatibility" name="test_product_detail" time="0.238" /><testcase classname="backend.tests.test_nexus_v4.TestBackwardCompatibility" name="test_create_post" time="5.951" /><testcase classname="backend.tests.test_nexus_v4.TestBackwardCompatibility" name="test_create_vendor" time="0.117" /><testcase classname="backend.tests.test_nexus_v4.TestCleanup" name="test_cleanup_test_user" time="0.000" /></testsuite></testsuites>