<?xml version="1.0" encoding="utf-8"?><testsuites name="pytest tests"><testsuite name="pytest" errors="0" failures="0" skipped="0" tests="20" time="16.617" timestamp="2026-03-23T00:48:20.775678+00:00" hostname="agent-env-34073451-29bb-4bec-ab81-d106f55a76e0"><testcase classname="backend.tests.test_mega_enhancement_v4_4.TestAuthAndHealth" name="test_health_endpoint" time="0.135" /><testcase classname="backend.tests.test_mega_enhancement_v4_4.TestAuthAndHealth" name="test_admin_login" time="0.373" /><testcase classname="backend.tests.test_mega_enhancement_v4_4.TestAuthAndHealth" name="test_user_login" time="0.213" /><testcase classname="backend.tests.test_mega_enhancement_v4_4.TestPlatformStats" name="test_stats_endpoint" time="0.147" /><testcase classname="backend.tests.test_mega_enhancement_v4_4.TestPlatformStats" name="test_agents_endpoint" time="0.132" /><testcase classname="backend.tests.test_mega_enhancement_v4_4.TestMegaDiscovery" name="test_mega_discovery_latest" time="0.477" /><testcase classname="backend.tests.test_mega_enhancement_v4_4.TestMegaDiscovery" name="test_mega_discovery_trigger" time="9.545" /><testcase classname="backend.tests.test_mega_enhancement_v4_4.TestEnhancedUserProfile" name="test_enhanced_profile_user1" time="0.121" /><testcase classname="backend.tests.test_mega_enhancement_v4_4.TestInvestorDashboard" name="test_investor_dashboard" time="0.447" /><testcase classname="backend.tests.test_mega_enhancement_v4_4.TestInvestorDashboard" name="test_pitch_deck_data" time="0.429" /><testcase classname="backend.tests.test_mega_enhancement_v4_4.TestMarketingAutomation" name="test_marketing_campaigns_list" time="0.459" /><testcase classname="backend.tests.test_mega_enhancement_v4_4.TestMarketingAutomation" name="test_seo_performance" time="0.465" /><testcase classname="backend.tests.test_mega_enhancement_v4_4.TestMCPIntegration" name="test_mcp_status" time="0.531" /><testcase classname="backend.tests.test_mega_enhancement_v4_4.TestMCPIntegration" name="test_mcp_servers_list" time="0.462" /><testcase classname="backend.tests.test_mega_enhancement_v4_4.TestCloudflareWorkers" name="test_cloudflare_workers_list" time="0.443" /><testcase classname="backend.tests.test_mega_enhancement_v4_4.TestCreationStudio" name="test_studio_download_text" time="0.530" /><testcase classname="backend.tests.test_mega_enhancement_v4_4.TestCreationStudio" name="test_studio_download_ebook" time="0.571" /><testcase classname="backend.tests.test_mega_enhancement_v4_4.TestCreationStudio" name="test_studio_download_music" time="0.466" /><testcase classname="backend.tests.test_mega_enhancement_v4_4.TestCreationStudio" name="test_studio_publish_to_marketplace" time="0.492" /><testcase classname="backend.tests.test_mega_enhancement_v4_4.TestIntegrationStatus" name="test_integration_status" time="0.100" /></testsuite></testsuites>