<?xml version="1.0" encoding="utf-8"?><testsuites name="pytest tests"><testsuite name="pytest" errors="0" failures="1" skipped="0" tests="19" time="5.655" timestamp="2026-04-01T13:03:33.798588+00:00" hostname="agent-env-34073451-29bb-4bec-ab81-d106f55a76e0"><testcase classname="backend.tests.test_nexus_deployment_ready.TestHealthEndpoints" name="test_health_endpoint" time="3.208" /><testcase classname="backend.tests.test_nexus_deployment_ready.TestHealthEndpoints" name="test_stats_endpoint" time="0.168" /><testcase classname="backend.tests.test_nexus_deployment_ready.TestADKIntegration" name="test_adk_status_endpoint" time="0.161" /><testcase classname="backend.tests.test_nexus_deployment_ready.TestADKIntegration" name="test_adk_agents_list" time="0.107" /><testcase classname="backend.tests.test_nexus_deployment_ready.TestADKIntegration" name="test_adk_models_list" time="0.150" /><testcase classname="backend.tests.test_nexus_deployment_ready.TestCoreAPIs" name="test_products_endpoint" time="0.102" /><testcase classname="backend.tests.test_nexus_deployment_ready.TestCoreAPIs" name="test_posts_endpoint" time="0.126" /><testcase classname="backend.tests.test_nexus_deployment_ready.TestCoreAPIs" name="test_trending_endpoint" time="0.191" /><testcase classname="backend.tests.test_nexus_deployment_ready.TestCoreAPIs" name="test_categories_endpoint" time="0.120" /><testcase classname="backend.tests.test_nexus_deployment_ready.TestCoreAPIs" name="test_spotlight_endpoint" time="0.106" /><testcase classname="backend.tests.test_nexus_deployment_ready.TestAuthEndpoints" name="test_login_invalid_credentials" time="0.104" /><testcase classname="backend.tests.test_nexus_deployment_ready.TestAuthEndpoints" name="test_register_missing_fields" time="0.123" /><testcase classname="backend.tests.test_nexus_deployment_ready.TestHybridServices" name="test_hybrid_ultimate_controller" time="0.103"><failure message="assert 404 == 200&#10; +  where 404 = &lt;Response [404]&gt;.status_code">backend/tests/test_nexus_deployment_ready.py:155: in test_hybrid_ultimate_controller
    assert response.status_code == 200
E   assert 404 == 200
E    +  where 404 = &lt;Response [404]&gt;.status_code</failure></testcase><testcase classname="backend.tests.test_nexus_deployment_ready.TestHybridServices" name="test_hybrid_groq_capabilities" time="0.122" /><testcase classname="backend.tests.test_nexus_deployment_ready.TestHybridServices" name="test_hybrid_elevenlabs_capabilities" time="0.120" /><testcase classname="backend.tests.test_nexus_deployment_ready.TestHybridServices" name="test_hybrid_sora_video_capabilities" time="0.160" /><testcase classname="backend.tests.test_nexus_deployment_ready.TestSocialRoutes" name="test_social_users_search" time="0.142" /><testcase classname="backend.tests.test_nexus_deployment_ready.TestWebSocketInfrastructure" name="test_socket_io_endpoint_exists" time="0.119" /><testcase classname="backend.tests.test_nexus_deployment_ready.TestAgentEndpoints" name="test_agents_list" time="0.160" /></testsuite></testsuites>