<?xml version="1.0" encoding="utf-8"?><testsuites name="pytest tests"><testsuite name="pytest" errors="0" failures="0" skipped="0" tests="19" time="9.203" timestamp="2026-04-01T15:51:41.214072+00:00" hostname="agent-env-34073451-29bb-4bec-ab81-d106f55a76e0"><testcase classname="backend.tests.test_v61_mistral_tts.TestMistralVoxtralTTS" name="test_capabilities" time="6.890" /><testcase classname="backend.tests.test_v61_mistral_tts.TestMistralVoxtralTTS" name="test_generate_speech_english" time="0.129" /><testcase classname="backend.tests.test_v61_mistral_tts.TestMistralVoxtralTTS" name="test_generate_speech_french" time="0.109" /><testcase classname="backend.tests.test_v61_mistral_tts.TestMistralVoxtralTTS" name="test_generate_speech_german" time="0.121" /><testcase classname="backend.tests.test_v61_mistral_tts.TestMistralVoxtralTTS" name="test_generate_speech_spanish" time="0.126" /><testcase classname="backend.tests.test_v61_mistral_tts.TestMistralVoxtralTTS" name="test_generate_speech_unsupported_language" time="0.116" /><testcase classname="backend.tests.test_v61_mistral_tts.TestMistralVoxtralTTS" name="test_custom_voice_creation" time="0.218" /><testcase classname="backend.tests.test_v61_mistral_tts.TestMistralVoxtralTTS" name="test_cross_lingual_voice_clone" time="0.113" /><testcase classname="backend.tests.test_v61_mistral_tts.TestMistralVoxtralTTS" name="test_benchmarks" time="0.112" /><testcase classname="backend.tests.test_v61_mistral_tts.TestMistralVoxtralTTS" name="test_history" time="0.115" /><testcase classname="backend.tests.test_v61_mistral_tts.TestMistralVoxtralTTS" name="test_voices" time="0.109" /><testcase classname="backend.tests.test_v61_mistral_tts.TestEnterpriseSlackCRMBugFix" name="test_crm_contact_creation_no_objectid" time="0.169" /><testcase classname="backend.tests.test_v61_mistral_tts.TestEnterpriseSlackCRMBugFix" name="test_crm_get_contacts" time="0.123" /><testcase classname="backend.tests.test_v61_mistral_tts.TestEnterpriseSlackFeatures" name="test_capabilities" time="0.127" /><testcase classname="backend.tests.test_v61_mistral_tts.TestEnterpriseSlackFeatures" name="test_deep_research" time="0.116" /><testcase classname="backend.tests.test_v61_mistral_tts.TestEnterpriseSlackFeatures" name="test_meeting_intelligence" time="0.118" /><testcase classname="backend.tests.test_v61_mistral_tts.TestEnterpriseSlackFeatures" name="test_mcp_servers" time="0.112" /><testcase classname="backend.tests.test_v61_mistral_tts.TestAutonomousAuditor" name="test_capabilities" time="0.112" /><testcase classname="backend.tests.test_v61_mistral_tts.TestBackendHealth" name="test_health_check" time="0.120" /></testsuite></testsuites>