<?xml version="1.0" encoding="utf-8"?><testsuites name="pytest tests"><testsuite name="pytest" errors="0" failures="4" skipped="0" tests="53" time="14.363" timestamp="2026-03-25T22:26:05.374197+00:00" hostname="agent-env-34073451-29bb-4bec-ab81-d106f55a76e0"><testcase classname="backend.tests.test_nexus_v5_complete.TestHealthAndController" name="test_health_endpoint" time="7.665" /><testcase classname="backend.tests.test_nexus_v5_complete.TestHealthAndController" name="test_controller_status" time="0.114" /><testcase classname="backend.tests.test_nexus_v5_complete.TestPrivacyHybrid" name="test_privacy_capabilities" time="0.114" /><testcase classname="backend.tests.test_nexus_v5_complete.TestPrivacyHybrid" name="test_privacy_scan_secrets" time="0.113" /><testcase classname="backend.tests.test_nexus_v5_complete.TestPrivacyHybrid" name="test_privacy_u2f_setup" time="0.112" /><testcase classname="backend.tests.test_nexus_v5_complete.TestSocialImpactHybrid" name="test_social_impact_capabilities" time="0.121" /><testcase classname="backend.tests.test_nexus_v5_complete.TestSocialImpactHybrid" name="test_social_impact_projects" time="0.113" /><testcase classname="backend.tests.test_nexus_v5_complete.TestSocialImpactHybrid" name="test_social_impact_analyze" time="0.105" /><testcase classname="backend.tests.test_nexus_v5_complete.TestAccessibilityHybrid" name="test_accessibility_capabilities" time="0.115" /><testcase classname="backend.tests.test_nexus_v5_complete.TestAccessibilityHybrid" name="test_accessibility_audit" time="0.113" /><testcase classname="backend.tests.test_nexus_v5_complete.TestAccessibilityHybrid" name="test_accessibility_contrast_check" time="0.123" /><testcase classname="backend.tests.test_nexus_v5_complete.TestDevToolsHybrid" name="test_devtools_capabilities" time="0.104" /><testcase classname="backend.tests.test_nexus_v5_complete.TestDevToolsHybrid" name="test_devtools_error_tracking" time="0.120" /><testcase classname="backend.tests.test_nexus_v5_complete.TestDevToolsHybrid" name="test_devtools_ci_pipeline" time="0.128" /><testcase classname="backend.tests.test_nexus_v5_complete.TestEditorsHybrid" name="test_editors_capabilities" time="0.116" /><testcase classname="backend.tests.test_nexus_v5_complete.TestEditorsHybrid" name="test_editors_list" time="0.115" /><testcase classname="backend.tests.test_nexus_v5_complete.TestEditorsHybrid" name="test_editors_compare" time="0.110" /><testcase classname="backend.tests.test_nexus_v5_complete.TestPixelArtHybrid" name="test_pixelart_capabilities" time="0.117" /><testcase classname="backend.tests.test_nexus_v5_complete.TestPixelArtHybrid" name="test_pixelart_canvas" time="0.108" /><testcase classname="backend.tests.test_nexus_v5_complete.TestPixelArtHybrid" name="test_pixelart_export" time="0.111" /><testcase classname="backend.tests.test_nexus_v5_complete.TestSDRHybrid" name="test_sdr_capabilities" time="0.147" /><testcase classname="backend.tests.test_nexus_v5_complete.TestSDRHybrid" name="test_sdr_receiver_start" time="0.109"><failure message="assert 422 == 200&#10; +  where 422 = &lt;Response [422]&gt;.status_code">backend/tests/test_nexus_v5_complete.py:215: in test_sdr_receiver_start
    assert response.status_code == 200
E   assert 422 == 200
E    +  where 422 = &lt;Response [422]&gt;.status_code</failure></testcase><testcase classname="backend.tests.test_nexus_v5_complete.TestSDRHybrid" name="test_sdr_signal_analyze" time="0.120"><failure message="assert 422 == 200&#10; +  where 422 = &lt;Response [422]&gt;.status_code">backend/tests/test_nexus_v5_complete.py:221: in test_sdr_signal_analyze
    assert response.status_code == 200
E   assert 422 == 200
E    +  where 422 = &lt;Response [422]&gt;.status_code</failure></testcase><testcase classname="backend.tests.test_nexus_v5_complete.TestWebGamesHybrid" name="test_webgames_capabilities" time="0.106" /><testcase classname="backend.tests.test_nexus_v5_complete.TestWebGamesHybrid" name="test_webgames_list" time="0.119" /><testcase classname="backend.tests.test_nexus_v5_complete.TestWebGamesHybrid" name="test_webgames_embed" time="0.126" /><testcase classname="backend.tests.test_nexus_v5_complete.TestOpenSourceToolsHybrid" name="test_opensource_tools_capabilities" time="0.120" /><testcase classname="backend.tests.test_nexus_v5_complete.TestOpenSourceToolsHybrid" name="test_opensource_tools_list" time="0.129" /><testcase classname="backend.tests.test_nexus_v5_complete.TestOpenSourceToolsHybrid" name="test_opensource_tools_automate_release" time="0.109" /><testcase classname="backend.tests.test_nexus_v5_complete.TestOpenSourceToolsHybrid" name="test_opensource_tools_notifications" time="0.116" /><testcase classname="backend.tests.test_nexus_v5_complete.TestAIModelZoosHybrid" name="test_ai_model_zoos_capabilities" time="0.160" /><testcase classname="backend.tests.test_nexus_v5_complete.TestAIModelZoosHybrid" name="test_ai_model_zoos_frameworks" time="0.112" /><testcase classname="backend.tests.test_nexus_v5_complete.TestAIModelZoosHybrid" name="test_ai_model_zoos_search" time="0.118" /><testcase classname="backend.tests.test_nexus_v5_complete.TestAIModelZoosHybrid" name="test_ai_model_zoos_model_detail" time="0.109" /><testcase classname="backend.tests.test_nexus_v5_complete.TestProbotHybrid" name="test_probot_capabilities" time="0.115" /><testcase classname="backend.tests.test_nexus_v5_complete.TestProbotHybrid" name="test_probot_apps" time="0.109" /><testcase classname="backend.tests.test_nexus_v5_complete.TestProbotHybrid" name="test_probot_install" time="0.133" /><testcase classname="backend.tests.test_nexus_v5_complete.TestProbotHybrid" name="test_probot_configure" time="0.109"><failure message="assert 422 == 200&#10; +  where 422 = &lt;Response [422]&gt;.status_code">backend/tests/test_nexus_v5_complete.py:339: in test_probot_configure
    assert response.status_code == 200
E   assert 422 == 200
E    +  where 422 = &lt;Response [422]&gt;.status_code</failure></testcase><testcase classname="backend.tests.test_nexus_v5_complete.TestPHPQualityHybrid" name="test_php_quality_capabilities" time="0.115" /><testcase classname="backend.tests.test_nexus_v5_complete.TestPHPQualityHybrid" name="test_php_quality_analyze" time="0.122" /><testcase classname="backend.tests.test_nexus_v5_complete.TestPHPQualityHybrid" name="test_php_quality_fix_style" time="0.138" /><testcase classname="backend.tests.test_nexus_v5_complete.TestPHPQualityHybrid" name="test_php_quality_detect_duplicates" time="0.110" /><testcase classname="backend.tests.test_nexus_v5_complete.TestJSStateHybrid" name="test_js_state_capabilities" time="0.142" /><testcase classname="backend.tests.test_nexus_v5_complete.TestJSStateHybrid" name="test_js_state_libraries" time="0.146" /><testcase classname="backend.tests.test_nexus_v5_complete.TestJSStateHybrid" name="test_js_state_compare" time="0.132" /><testcase classname="backend.tests.test_nexus_v5_complete.TestJSStateHybrid" name="test_js_state_boilerplate" time="0.151" /><testcase classname="backend.tests.test_nexus_v5_complete.TestExistingHybrids" name="test_ml_hybrid" time="0.124" /><testcase classname="backend.tests.test_nexus_v5_complete.TestExistingHybrids" name="test_music_hybrid" time="0.126" /><testcase classname="backend.tests.test_nexus_v5_complete.TestExistingHybrids" name="test_netneutrality_hybrid" time="0.108" /><testcase classname="backend.tests.test_nexus_v5_complete.TestExistingHybrids" name="test_drift_hybrid" time="0.239"><failure message="assert 404 == 200&#10; +  where 404 = &lt;Response [404]&gt;.status_code">backend/tests/test_nexus_v5_complete.py:434: in test_drift_hybrid
    assert response.status_code == 200
E   assert 404 == 200
E    +  where 404 = &lt;Response [404]&gt;.status_code</failure></testcase><testcase classname="backend.tests.test_nexus_v5_complete.TestExistingHybrids" name="test_mcp_hybrid" time="0.107" /><testcase classname="backend.tests.test_nexus_v5_complete.TestAuthentication" name="test_login_admin" time="0.328" /><testcase classname="backend.tests.test_nexus_v5_complete.TestAuthentication" name="test_auth_me" time="0.109" /></testsuite></testsuites>