<?xml version="1.0" encoding="utf-8"?><testsuites name="pytest tests"><testsuite name="pytest" errors="0" failures="0" skipped="0" tests="21" time="12.196" timestamp="2026-03-23T03:18:01.483218+00:00" hostname="agent-env-34073451-29bb-4bec-ab81-d106f55a76e0"><testcase classname="backend.tests.test_phase2_v44.TestAuthSetup" name="test_admin_login" time="0.358" /><testcase classname="backend.tests.test_phase2_v44.TestProductHuntIntegration" name="test_integration_status_endpoint" time="0.120" /><testcase classname="backend.tests.test_phase2_v44.TestProductHuntIntegration" name="test_integration_health_score" time="0.110" /><testcase classname="backend.tests.test_phase2_v44.TestAdminAnalyticsDashboard" name="test_comprehensive_analytics" time="0.439" /><testcase classname="backend.tests.test_phase2_v44.TestAdminAnalyticsDashboard" name="test_revenue_analytics" time="0.105" /><testcase classname="backend.tests.test_phase2_v44.TestAdminAnalyticsDashboard" name="test_user_growth_analytics" time="0.109" /><testcase classname="backend.tests.test_phase2_v44.TestAdminAnalyticsDashboard" name="test_top_products_analytics" time="0.118" /><testcase classname="backend.tests.test_phase2_v44.TestAdminAnalyticsDashboard" name="test_top_vendors_analytics" time="0.117" /><testcase classname="backend.tests.test_phase2_v44.TestAdminAnalyticsDashboard" name="test_category_distribution" time="0.114" /><testcase classname="backend.tests.test_phase2_v44.TestAdminAnalyticsDashboard" name="test_engagement_metrics" time="0.175" /><testcase classname="backend.tests.test_phase2_v44.TestAdminAnalyticsDashboard" name="test_analytics_requires_admin" time="0.108" /><testcase classname="backend.tests.test_phase2_v44.TestGitHubOAuthConnection" name="test_github_connection_status" time="0.452" /><testcase classname="backend.tests.test_phase2_v44.TestGitHubOAuthConnection" name="test_github_oauth_initiate" time="0.108" /><testcase classname="backend.tests.test_phase2_v44.TestGitHubOAuthConnection" name="test_github_connection_requires_auth" time="0.105" /><testcase classname="backend.tests.test_phase2_v44.TestP2PAuctionBidding" name="test_get_product_bids_endpoint" time="5.064" /><testcase classname="backend.tests.test_phase2_v44.TestP2PAuctionBidding" name="test_place_bid_requires_auth" time="0.112" /><testcase classname="backend.tests.test_phase2_v44.TestP2PAuctionBidding" name="test_place_bid_on_auction" time="0.233" /><testcase classname="backend.tests.test_phase2_v44.TestP2PAuctionBidding" name="test_get_user_bids" time="0.211" /><testcase classname="backend.tests.test_phase2_v44.TestSocketIOSetup" name="test_socketio_endpoint_exists" time="0.103" /><testcase classname="backend.tests.test_phase2_v44.TestAuctionProductCreation" name="test_create_auction_product" time="3.666" /><testcase classname="backend.tests.test_phase2_v44.TestAuctionProductCreation" name="test_get_product_with_auction_info" time="0.210" /></testsuite></testsuites>