<?xml version="1.0" encoding="utf-8"?><testsuites name="pytest tests"><testsuite name="pytest" errors="0" failures="0" skipped="0" tests="23" time="34.213" timestamp="2026-04-01T13:58:33.040350+00:00" hostname="agent-env-34073451-29bb-4bec-ab81-d106f55a76e0"><testcase classname="backend.tests.test_universal_assistant.TestUniversalAssistantStatus" name="test_status_endpoint_returns_200" time="0.239" /><testcase classname="backend.tests.test_universal_assistant.TestUniversalAssistantStatus" name="test_status_response_structure" time="0.163" /><testcase classname="backend.tests.test_universal_assistant.TestUniversalAssistantServices" name="test_services_endpoint_returns_200" time="0.135" /><testcase classname="backend.tests.test_universal_assistant.TestUniversalAssistantServices" name="test_services_response_structure" time="0.113" /><testcase classname="backend.tests.test_universal_assistant.TestUniversalAssistantServices" name="test_services_have_required_fields" time="0.105" /><testcase classname="backend.tests.test_universal_assistant.TestUniversalAssistantServices" name="test_key_services_present" time="0.115" /><testcase classname="backend.tests.test_universal_assistant.TestUniversalAssistantProcess" name="test_process_endpoint_requires_message" time="0.111" /><testcase classname="backend.tests.test_universal_assistant.TestUniversalAssistantProcess" name="test_process_image_generation_intent" time="1.549" /><testcase classname="backend.tests.test_universal_assistant.TestUniversalAssistantProcess" name="test_process_music_generation_intent" time="1.549" /><testcase classname="backend.tests.test_universal_assistant.TestUniversalAssistantProcess" name="test_process_multi_agent_intent" time="1.533" /><testcase classname="backend.tests.test_universal_assistant.TestUniversalAssistantProcess" name="test_process_code_analysis_intent" time="1.739" /><testcase classname="backend.tests.test_universal_assistant.TestUniversalAssistantProcess" name="test_process_accessibility_intent" time="1.278" /><testcase classname="backend.tests.test_universal_assistant.TestUniversalAssistantProcess" name="test_process_video_generation_intent" time="1.277" /><testcase classname="backend.tests.test_universal_assistant.TestUniversalAssistantProcess" name="test_process_response_contains_service_info" time="1.794" /><testcase classname="backend.tests.test_universal_assistant.TestUniversalAssistantHistory" name="test_history_endpoint_returns_200" time="0.126" /><testcase classname="backend.tests.test_universal_assistant.TestUniversalAssistantHistory" name="test_history_response_structure" time="0.119" /><testcase classname="backend.tests.test_universal_assistant.TestUniversalAssistantHistory" name="test_history_persists_conversation" time="2.445" /><testcase classname="backend.tests.test_universal_assistant.TestUniversalAssistantHistory" name="test_history_limit_parameter" time="7.652" /><testcase classname="backend.tests.test_universal_assistant.TestUniversalAssistantWithAuth" name="test_process_works_without_auth" time="1.787" /><testcase classname="backend.tests.test_universal_assistant.TestUniversalAssistantWithAuth" name="test_process_works_with_auth" time="2.409" /><testcase classname="backend.tests.test_universal_assistant.TestUniversalAssistantErrorHandling" name="test_invalid_session_id_format" time="2.200" /><testcase classname="backend.tests.test_universal_assistant.TestUniversalAssistantErrorHandling" name="test_very_long_message" time="3.903" /><testcase classname="backend.tests.test_universal_assistant.TestUniversalAssistantErrorHandling" name="test_special_characters_in_message" time="1.820" /></testsuite></testsuites>