<?xml version="1.0" encoding="utf-8"?><testsuites name="pytest tests"><testsuite name="pytest" errors="0" failures="0" skipped="0" tests="22" time="4.592" timestamp="2026-03-22T13:14:54.383539+00:00" hostname="agent-env-34073451-29bb-4bec-ab81-d106f55a76e0"><testcase classname="backend.tests.test_aixploria_discovery.TestHealthAndStats" name="test_stats_returns_11_agents" time="0.170" /><testcase classname="backend.tests.test_aixploria_discovery.TestAgentsEndpoint" name="test_agents_returns_11_agents" time="0.101" /><testcase classname="backend.tests.test_aixploria_discovery.TestAgentsEndpoint" name="test_agents_have_correct_types" time="0.107" /><testcase classname="backend.tests.test_aixploria_discovery.TestAgentsEndpoint" name="test_aixploria_discovery_agent_exists" time="0.101" /><testcase classname="backend.tests.test_aixploria_discovery.TestAgentsEndpoint" name="test_all_11_agent_names_exist" time="0.098" /><testcase classname="backend.tests.test_aixploria_discovery.TestAdminAuth" name="test_admin_login" time="0.324" /><testcase classname="backend.tests.test_aixploria_discovery.TestAIxploriaEndpoints" name="test_aixploria_stats_endpoint" time="0.441" /><testcase classname="backend.tests.test_aixploria_discovery.TestAIxploriaEndpoints" name="test_aixploria_tools_endpoint" time="0.102" /><testcase classname="backend.tests.test_aixploria_discovery.TestAIxploriaEndpoints" name="test_aixploria_scan_endpoint" time="0.115" /><testcase classname="backend.tests.test_aixploria_discovery.TestAIxploriaEndpoints" name="test_aixploria_stats_requires_admin" time="0.129" /><testcase classname="backend.tests.test_aixploria_discovery.TestAIxploriaEndpoints" name="test_aixploria_tools_requires_admin" time="0.094" /><testcase classname="backend.tests.test_aixploria_discovery.TestAIxploriaEndpoints" name="test_aixploria_scan_requires_admin" time="0.100" /><testcase classname="backend.tests.test_aixploria_discovery.TestToolScoring" name="test_tools_have_nexus_scores" time="0.421" /><testcase classname="backend.tests.test_aixploria_discovery.TestToolScoring" name="test_tools_have_benefit_levels" time="0.106" /><testcase classname="backend.tests.test_aixploria_discovery.TestToolScoring" name="test_tools_have_source_info" time="0.097" /><testcase classname="backend.tests.test_aixploria_discovery.TestPerformanceOptimizer" name="test_performance_metrics_endpoint" time="0.463" /><testcase classname="backend.tests.test_aixploria_discovery.TestBackwardCompatibility" name="test_original_endpoints_still_work" time="0.673" /><testcase classname="backend.tests.test_aixploria_discovery.TestBackwardCompatibility" name="test_agents_endpoint_backward_compatible" time="0.100" /><testcase classname="backend.tests.test_aixploria_discovery.TestNonAdminAccess" name="test_aixploria_stats_denied_for_non_admin" time="0.417" /><testcase classname="backend.tests.test_aixploria_discovery.TestNonAdminAccess" name="test_aixploria_tools_denied_for_non_admin" time="0.155" /><testcase classname="backend.tests.test_aixploria_discovery.TestNonAdminAccess" name="test_aixploria_scan_denied_for_non_admin" time="0.092" /><testcase classname="backend.tests.test_aixploria_discovery.TestScheduledTask" name="test_agents_have_schedule_info" time="0.109" /></testsuite></testsuites>