<?xml version="1.0" encoding="utf-8"?><testsuites name="pytest tests"><testsuite name="pytest" errors="0" failures="0" skipped="0" tests="24" time="28.471" timestamp="2026-03-24T16:08:36.190617+00:00" hostname="agent-env-34073451-29bb-4bec-ab81-d106f55a76e0"><testcase classname="backend.tests.test_hybrid_services_v12.TestUltimateController" name="test_controller_status_shows_14_hybrids" time="20.573" /><testcase classname="backend.tests.test_hybrid_services_v12.TestMLHybrid" name="test_ml_capabilities" time="0.515" /><testcase classname="backend.tests.test_hybrid_services_v12.TestMLHybrid" name="test_pretrained_models" time="0.447" /><testcase classname="backend.tests.test_hybrid_services_v12.TestMLHybrid" name="test_pretrained_models_by_category" time="0.499" /><testcase classname="backend.tests.test_hybrid_services_v12.TestMLHybrid" name="test_create_training_job" time="0.450" /><testcase classname="backend.tests.test_hybrid_services_v12.TestMLHybrid" name="test_upload_dataset" time="0.478" /><testcase classname="backend.tests.test_hybrid_services_v12.TestMLHybrid" name="test_automl" time="0.485" /><testcase classname="backend.tests.test_hybrid_services_v12.TestMLHybrid" name="test_marketplace_search" time="0.454" /><testcase classname="backend.tests.test_hybrid_services_v12.TestMLHybrid" name="test_predict" time="0.450" /><testcase classname="backend.tests.test_hybrid_services_v12.TestNetNeutralityHybrid" name="test_netneutrality_capabilities" time="0.470" /><testcase classname="backend.tests.test_hybrid_services_v12.TestNetNeutralityHybrid" name="test_internet_health_monitoring" time="0.462" /><testcase classname="backend.tests.test_hybrid_services_v12.TestNetNeutralityHybrid" name="test_find_representatives" time="0.491" /><testcase classname="backend.tests.test_hybrid_services_v12.TestNetNeutralityHybrid" name="test_get_call_script" time="0.446" /><testcase classname="backend.tests.test_hybrid_services_v12.TestNetNeutralityHybrid" name="test_create_campaign" time="0.476" /><testcase classname="backend.tests.test_hybrid_services_v12.TestNetNeutralityHybrid" name="test_sign_petition" time="0.583" /><testcase classname="backend.tests.test_hybrid_services_v12.TestMusicHybrid" name="test_music_capabilities" time="0.120" /><testcase classname="backend.tests.test_hybrid_services_v12.TestMCPHybrid" name="test_mcp_discover" time="0.142" /><testcase classname="backend.tests.test_hybrid_services_v12.TestMCPHybrid" name="test_mcp_capabilities" time="0.104" /><testcase classname="backend.tests.test_hybrid_services_v12.TestDevOpsHybrid" name="test_devops_capabilities" time="0.099" /><testcase classname="backend.tests.test_hybrid_services_v12.TestFrontendHybrid" name="test_list_frameworks" time="0.112" /><testcase classname="backend.tests.test_hybrid_services_v12.TestFrontendHybrid" name="test_frontend_capabilities" time="0.124" /><testcase classname="backend.tests.test_hybrid_services_v12.TestGamingHybrid" name="test_gaming_capabilities" time="0.139" /><testcase classname="backend.tests.test_hybrid_services_v12.TestGamingHybrid" name="test_gaming_templates" time="0.132" /><testcase classname="backend.tests.test_hybrid_services_v12.TestHealthAndBasics" name="test_health_endpoint" time="0.115" /></testsuite></testsuites>