<?xml version="1.0" encoding="utf-8"?><testsuites name="pytest tests"><testsuite name="pytest" errors="0" failures="0" skipped="0" tests="46" time="23.046" timestamp="2026-03-25T06:06:55.538750+00:00" hostname="agent-env-34073451-29bb-4bec-ab81-d106f55a76e0"><testcase classname="backend.tests.test_hybrid_expansion_v13.TestUltimateControllerExpansion" name="test_controller_status_shows_32_hybrids" time="9.072" /><testcase classname="backend.tests.test_hybrid_expansion_v13.TestPrivacyHybrid" name="test_privacy_capabilities" time="0.446" /><testcase classname="backend.tests.test_hybrid_expansion_v13.TestPrivacyHybrid" name="test_scan_secrets" time="0.420" /><testcase classname="backend.tests.test_hybrid_expansion_v13.TestPrivacyHybrid" name="test_u2f_setup" time="0.412" /><testcase classname="backend.tests.test_hybrid_expansion_v13.TestSocialImpactHybrid" name="test_social_impact_capabilities" time="0.094" /><testcase classname="backend.tests.test_hybrid_expansion_v13.TestSocialImpactHybrid" name="test_list_projects" time="0.093" /><testcase classname="backend.tests.test_hybrid_expansion_v13.TestSocialImpactHybrid" name="test_analyze_project_impact" time="0.100" /><testcase classname="backend.tests.test_hybrid_expansion_v13.TestAccessibilityHybrid" name="test_accessibility_capabilities" time="0.416" /><testcase classname="backend.tests.test_hybrid_expansion_v13.TestAccessibilityHybrid" name="test_audit_page" time="0.432" /><testcase classname="backend.tests.test_hybrid_expansion_v13.TestAccessibilityHybrid" name="test_contrast_check" time="0.428" /><testcase classname="backend.tests.test_hybrid_expansion_v13.TestDevToolsHybrid" name="test_devtools_capabilities" time="0.429" /><testcase classname="backend.tests.test_hybrid_expansion_v13.TestDevToolsHybrid" name="test_setup_error_tracking" time="0.415" /><testcase classname="backend.tests.test_hybrid_expansion_v13.TestDevToolsHybrid" name="test_create_ci_pipeline" time="0.572" /><testcase classname="backend.tests.test_hybrid_expansion_v13.TestEditorsHybrid" name="test_editors_capabilities" time="0.107" /><testcase classname="backend.tests.test_hybrid_expansion_v13.TestEditorsHybrid" name="test_list_editors" time="0.097" /><testcase classname="backend.tests.test_hybrid_expansion_v13.TestEditorsHybrid" name="test_compare_editors" time="0.117" /><testcase classname="backend.tests.test_hybrid_expansion_v13.TestPixelArtHybrid" name="test_pixelart_capabilities" time="0.428" /><testcase classname="backend.tests.test_hybrid_expansion_v13.TestPixelArtHybrid" name="test_create_canvas" time="0.458" /><testcase classname="backend.tests.test_hybrid_expansion_v13.TestPixelArtHybrid" name="test_export_sprite" time="0.436" /><testcase classname="backend.tests.test_hybrid_expansion_v13.TestSDRHybrid" name="test_sdr_capabilities" time="0.430" /><testcase classname="backend.tests.test_hybrid_expansion_v13.TestSDRHybrid" name="test_start_receiver" time="0.430" /><testcase classname="backend.tests.test_hybrid_expansion_v13.TestSDRHybrid" name="test_analyze_signal" time="0.412" /><testcase classname="backend.tests.test_hybrid_expansion_v13.TestWebGamesHybrid" name="test_webgames_capabilities" time="0.114" /><testcase classname="backend.tests.test_hybrid_expansion_v13.TestWebGamesHybrid" name="test_list_games" time="0.103" /><testcase classname="backend.tests.test_hybrid_expansion_v13.TestWebGamesHybrid" name="test_get_game_embed" time="0.099" /><testcase classname="backend.tests.test_hybrid_expansion_v13.TestOpenSourceToolsHybrid" name="test_opensource_tools_capabilities" time="0.450" /><testcase classname="backend.tests.test_hybrid_expansion_v13.TestOpenSourceToolsHybrid" name="test_list_tools" time="0.418" /><testcase classname="backend.tests.test_hybrid_expansion_v13.TestOpenSourceToolsHybrid" name="test_automate_release" time="0.439" /><testcase classname="backend.tests.test_hybrid_expansion_v13.TestOpenSourceToolsHybrid" name="test_manage_notifications" time="0.430" /><testcase classname="backend.tests.test_hybrid_expansion_v13.TestAIModelZoosHybrid" name="test_ai_model_zoos_capabilities" time="0.098" /><testcase classname="backend.tests.test_hybrid_expansion_v13.TestAIModelZoosHybrid" name="test_list_frameworks" time="0.096" /><testcase classname="backend.tests.test_hybrid_expansion_v13.TestAIModelZoosHybrid" name="test_search_models" time="0.102" /><testcase classname="backend.tests.test_hybrid_expansion_v13.TestAIModelZoosHybrid" name="test_get_model_details" time="0.100" /><testcase classname="backend.tests.test_hybrid_expansion_v13.TestProbotHybrid" name="test_probot_capabilities" time="0.414" /><testcase classname="backend.tests.test_hybrid_expansion_v13.TestProbotHybrid" name="test_list_apps" time="0.480" /><testcase classname="backend.tests.test_hybrid_expansion_v13.TestProbotHybrid" name="test_install_app" time="0.452" /><testcase classname="backend.tests.test_hybrid_expansion_v13.TestProbotHybrid" name="test_configure_app" time="0.440" /><testcase classname="backend.tests.test_hybrid_expansion_v13.TestPHPQualityHybrid" name="test_php_quality_capabilities" time="0.469" /><testcase classname="backend.tests.test_hybrid_expansion_v13.TestPHPQualityHybrid" name="test_analyze_code" time="0.444" /><testcase classname="backend.tests.test_hybrid_expansion_v13.TestPHPQualityHybrid" name="test_fix_code_style" time="0.454" /><testcase classname="backend.tests.test_hybrid_expansion_v13.TestPHPQualityHybrid" name="test_detect_duplicates" time="0.478" /><testcase classname="backend.tests.test_hybrid_expansion_v13.TestJSStateHybrid" name="test_js_state_capabilities" time="0.122" /><testcase classname="backend.tests.test_hybrid_expansion_v13.TestJSStateHybrid" name="test_list_libraries" time="0.109" /><testcase classname="backend.tests.test_hybrid_expansion_v13.TestJSStateHybrid" name="test_compare_libraries" time="0.123" /><testcase classname="backend.tests.test_hybrid_expansion_v13.TestJSStateHybrid" name="test_generate_boilerplate" time="0.123" /><testcase classname="backend.tests.test_hybrid_expansion_v13.TestHealthAndBasics" name="test_health_endpoint" time="0.118" /></testsuite></testsuites>