<?xml version="1.0" encoding="utf-8"?><testsuites name="pytest tests"><testsuite name="pytest" errors="0" failures="0" skipped="0" tests="14" time="25.179" timestamp="2026-03-22T14:06:34.353454+00:00" hostname="agent-env-34073451-29bb-4bec-ab81-d106f55a76e0"><testcase classname="backend.tests.test_nexus_v42.TestIntegrationStatusAPI" name="test_integrations_status_endpoint" time="0.120" /><testcase classname="backend.tests.test_nexus_v42.TestIntegrationStatusAPI" name="test_integrations_summary_fields" time="0.097" /><testcase classname="backend.tests.test_nexus_v42.TestIntegrationStatusAPI" name="test_integrations_health_endpoint" time="0.100" /><testcase classname="backend.tests.test_nexus_v42.TestIntegrationStatusAPI" name="test_softr_integration_present" time="0.137" /><testcase classname="backend.tests.test_nexus_v42.TestCICDEndpoints" name="test_cicd_status_endpoint" time="0.422" /><testcase classname="backend.tests.test_nexus_v42.TestCICDEndpoints" name="test_cicd_status_requires_admin" time="0.121" /><testcase classname="backend.tests.test_nexus_v42.TestSoftrDiscoveryIntegration" name="test_scan_includes_softr_source" time="5.558" /><testcase classname="backend.tests.test_nexus_v42.TestEmailServiceFallback" name="test_registration_without_resend_key" time="0.324" /><testcase classname="backend.tests.test_nexus_v42.TestDiscoveryCoordination" name="test_automation_discover_tools_endpoint" time="4.440" /><testcase classname="backend.tests.test_nexus_v42.TestAIAgentErrorHandling" name="test_agent_run_returns_structured_response" time="12.527" /><testcase classname="backend.tests.test_nexus_v42.TestHomepageAgentDisplay" name="test_stats_shows_11_agents" time="0.119" /><testcase classname="backend.tests.test_nexus_v42.TestHomepageAgentDisplay" name="test_agents_have_type_badges" time="0.098" /><testcase classname="backend.tests.test_nexus_v42.TestBackwardCompatibilityV42" name="test_original_aixploria_endpoints_work" time="0.513" /><testcase classname="backend.tests.test_nexus_v42.TestBackwardCompatibilityV42" name="test_marketplace_endpoints_work" time="0.552" /></testsuite></testsuites>