<?xml version="1.0" encoding="utf-8"?><testsuites name="pytest tests"><testsuite name="pytest" errors="3" failures="2" skipped="0" tests="21" time="278.987" timestamp="2026-03-24T11:49:06.090851+00:00" hostname="agent-env-34073451-29bb-4bec-ab81-d106f55a76e0"><testcase classname="backend.tests.test_creation_studio_newsfeed.TestAuthAndSetup" name="test_health_check" time="6.777" /><testcase classname="backend.tests.test_creation_studio_newsfeed.TestAuthAndSetup" name="test_login_success" time="0.376" /><testcase classname="backend.tests.test_creation_studio_newsfeed.TestCreationStudioMusicGeneration" name="test_generate_music_success" time="37.677" /><testcase classname="backend.tests.test_creation_studio_newsfeed.TestCreationStudioMusicGeneration" name="test_generate_music_empty_prompt" time="46.495" /><testcase classname="backend.tests.test_creation_studio_newsfeed.TestCreationStudioMusicGeneration" name="test_generate_music_unauthorized" time="0.179" /><testcase classname="backend.tests.test_creation_studio_newsfeed.TestCreationStudioEbookGeneration" name="test_generate_ebook_success" time="60.431"><failure message="AssertionError: eBook generation failed: The preview environment is not responding. It may be starting up.&#10;  &#10;assert 502 == 200&#10; +  where 502 = &lt;Response [502]&gt;.status_code">backend/tests/test_creation_studio_newsfeed.py:127: in test_generate_ebook_success
    assert response.status_code == 200, f"eBook generation failed: {response.text}"
E   AssertionError: eBook generation failed: The preview environment is not responding. It may be starting up.
E     
E   assert 502 == 200
E    +  where 502 = &lt;Response [502]&gt;.status_code</failure></testcase><testcase classname="backend.tests.test_creation_studio_newsfeed.TestCreationStudioVideoGeneration" name="test_generate_video_success" time="60.166"><error message="failed on setup with &quot;requests.exceptions.JSONDecodeError: Expecting value: line 1 column 1 (char 0)&quot;">/root/.venv/lib/python3.11/site-packages/requests/models.py:976: in json
    return complexjson.loads(self.text, **kwargs)
           ^^^^^^^^^^^^^^^^^^^^^^^^^^^^^^^^^^^^^^
/usr/local/lib/python3.11/json/__init__.py:346: in loads
    return _default_decoder.decode(s)
           ^^^^^^^^^^^^^^^^^^^^^^^^^^
/usr/local/lib/python3.11/json/decoder.py:337: in decode
    obj, end = self.raw_decode(s, idx=_w(s, 0).end())
               ^^^^^^^^^^^^^^^^^^^^^^^^^^^^^^^^^^^^^^
/usr/local/lib/python3.11/json/decoder.py:355: in raw_decode
    raise JSONDecodeError("Expecting value", s, err.value) from None
E   json.decoder.JSONDecodeError: Expecting value: line 1 column 1 (char 0)

During handling of the above exception, another exception occurred:
backend/tests/test_creation_studio_newsfeed.py:151: in auth_token
    return response.json()["token"]
           ^^^^^^^^^^^^^^^
/root/.venv/lib/python3.11/site-packages/requests/models.py:980: in json
    raise RequestsJSONDecodeError(e.msg, e.doc, e.pos)
E   requests.exceptions.JSONDecodeError: Expecting value: line 1 column 1 (char 0)</error></testcase><testcase classname="backend.tests.test_creation_studio_newsfeed.TestCreationStudioPublishToMarketplace" name="test_publish_to_marketplace" time="60.175"><error message="failed on setup with &quot;requests.exceptions.JSONDecodeError: Expecting value: line 1 column 1 (char 0)&quot;">/root/.venv/lib/python3.11/site-packages/requests/models.py:976: in json
    return complexjson.loads(self.text, **kwargs)
           ^^^^^^^^^^^^^^^^^^^^^^^^^^^^^^^^^^^^^^
/usr/local/lib/python3.11/json/__init__.py:346: in loads
    return _default_decoder.decode(s)
           ^^^^^^^^^^^^^^^^^^^^^^^^^^
/usr/local/lib/python3.11/json/decoder.py:337: in decode
    obj, end = self.raw_decode(s, idx=_w(s, 0).end())
               ^^^^^^^^^^^^^^^^^^^^^^^^^^^^^^^^^^^^^^
/usr/local/lib/python3.11/json/decoder.py:355: in raw_decode
    raise JSONDecodeError("Expecting value", s, err.value) from None
E   json.decoder.JSONDecodeError: Expecting value: line 1 column 1 (char 0)

During handling of the above exception, another exception occurred:
backend/tests/test_creation_studio_newsfeed.py:184: in auth_token
    return response.json()["token"]
           ^^^^^^^^^^^^^^^
/root/.venv/lib/python3.11/site-packages/requests/models.py:980: in json
    raise RequestsJSONDecodeError(e.msg, e.doc, e.pos)
E   requests.exceptions.JSONDecodeError: Expecting value: line 1 column 1 (char 0)</error></testcase><testcase classname="backend.tests.test_creation_studio_newsfeed.TestCreationStudioPublishToMarketplace" name="test_publish_nonexistent_content" time="0.000"><error message="failed on setup with &quot;requests.exceptions.JSONDecodeError: Expecting value: line 1 column 1 (char 0)&quot;">/root/.venv/lib/python3.11/site-packages/requests/models.py:976: in json
    return complexjson.loads(self.text, **kwargs)
           ^^^^^^^^^^^^^^^^^^^^^^^^^^^^^^^^^^^^^^
/usr/local/lib/python3.11/json/__init__.py:346: in loads
    return _default_decoder.decode(s)
           ^^^^^^^^^^^^^^^^^^^^^^^^^^
/usr/local/lib/python3.11/json/decoder.py:337: in decode
    obj, end = self.raw_decode(s, idx=_w(s, 0).end())
               ^^^^^^^^^^^^^^^^^^^^^^^^^^^^^^^^^^^^^^
/usr/local/lib/python3.11/json/decoder.py:355: in raw_decode
    raise JSONDecodeError("Expecting value", s, err.value) from None
E   json.decoder.JSONDecodeError: Expecting value: line 1 column 1 (char 0)

During handling of the above exception, another exception occurred:
backend/tests/test_creation_studio_newsfeed.py:184: in auth_token
    return response.json()["token"]
           ^^^^^^^^^^^^^^^
/root/.venv/lib/python3.11/site-packages/requests/models.py:980: in json
    raise RequestsJSONDecodeError(e.msg, e.doc, e.pos)
E   requests.exceptions.JSONDecodeError: Expecting value: line 1 column 1 (char 0)</error></testcase><testcase classname="backend.tests.test_creation_studio_newsfeed.TestNewsfeedPosts" name="test_get_posts_public" time="1.344" /><testcase classname="backend.tests.test_creation_studio_newsfeed.TestNewsfeedPosts" name="test_create_post_success" time="0.516" /><testcase classname="backend.tests.test_creation_studio_newsfeed.TestNewsfeedPosts" name="test_create_post_unauthorized" time="0.157" /><testcase classname="backend.tests.test_creation_studio_newsfeed.TestNewsfeedPosts" name="test_posts_persistence" time="0.768" /><testcase classname="backend.tests.test_creation_studio_newsfeed.TestNewsfeedLikes" name="test_like_post" time="0.632" /><testcase classname="backend.tests.test_creation_studio_newsfeed.TestNewsfeedLikes" name="test_unlike_post_toggle" time="0.208"><failure message="assert True == False">backend/tests/test_creation_studio_newsfeed.py:369: in test_unlike_post_toggle
    assert data["liked"] == False
E   assert True == False</failure></testcase><testcase classname="backend.tests.test_creation_studio_newsfeed.TestNewsfeedLikes" name="test_like_nonexistent_post" time="0.098" /><testcase classname="backend.tests.test_creation_studio_newsfeed.TestNewsfeedComments" name="test_add_comment" time="1.636" /><testcase classname="backend.tests.test_creation_studio_newsfeed.TestNewsfeedComments" name="test_get_comments" time="0.205" /><testcase classname="backend.tests.test_creation_studio_newsfeed.TestNewsfeedComments" name="test_comment_nonexistent_post" time="0.102" /><testcase classname="backend.tests.test_creation_studio_newsfeed.TestCreatedContentRetrieval" name="test_get_created_content" time="0.432" /><testcase classname="backend.tests.test_creation_studio_newsfeed.TestNotifications" name="test_get_notifications" time="0.437" /></testsuite></testsuites>